
=== Thu Oct  3 14:45:29 2019

Packages were changed.
Update Mode: mergeDefaultDependencies

The following packages were 更新済:
  com.unity.analytics をバージョン 3.2.2 から 3.3.2 へ
  com.unity.collab-proxy をバージョン 1.2.9 から 1.2.16 へ
  com.unity.package-manager-ui をバージョン 2.1.1 から 2.1.2 へ
  com.unity.purchasing をバージョン 2.0.1 から 2.0.6 へ
  com.unity.textmeshpro をバージョン 1.3.0 から 2.0.0 へ
  com.unity.timeline をバージョン 0.0.0-builtin から 1.0.0 へ

=== Thu Oct  3 22:26:35 2019

Packages were changed.
Update Mode: updateDependencies

The following packages were 追加済:
  com.unity.2d.tilemap@1.0.0
  com.unity.ext.nunit@1.0.0
  com.unity.test-framework@1.0.13
  com.unity.2d.sprite@1.0.0
  com.unity.ide.vscode@1.1.0
  com.unity.ide.rider@1.1.0
  com.unity.ugui@1.0.0
  com.unity.modules.androidjni@1.0.0
The following packages were 更新済:
  com.unity.package-manager-ui をバージョン 2.1.2 から 2.2.0 へ
  com.unity.textmeshpro をバージョン 2.0.0 から 2.0.1 へ
  com.unity.timeline をバージョン 1.0.0 から 1.1.0 へ
